<?xml version="1.0" encoding="UTF-8"?>
<testsuite name="org.example.TestManagementPrimarie" tests="1" skipped="0" failures="0" errors="0" timestamp="2023-01-09T18:38:52" hostname="Darians-MacBook-Pro.local" time="0.03">
  <properties/>
  <testcase name="adaugaCerere1()" classname="org.example.TestManagementPrimarie" time="0.03"/>
  <system-out><![CDATA[]]></system-out>
  <system-err><![CDATA[]]></system-err>
</testsuite>
